<?xml version="1.0" encoding="UTF-8"?>
<!-- Generated by org.testng.reporters.JUnitReportReporter -->
<testsuite hostname="anas-Lenovo-G50-70" failures="0" tests="1" name="tests.ContactUsTest" time="4.656" errors="0" timestamp="2020-11-14T21:45:39 EET" skipped="0">
  <testcase classname="tests.ContactUsTest" name="userCanContactUs" time="4.656"/>
  <system-out/>
</testsuite> <!-- tests.ContactUsTest -->
