<?xml version="1.0" encoding="UTF-8"?>
<!-- Generated by org.testng.reporters.JUnitReportReporter -->
<testsuite hostname="anas-Lenovo-G50-70" failures="0" tests="1" name="tests.UserRegistrationWithCSV" time="50.678" errors="0" timestamp="2020-11-26T19:31:28 EET" skipped="0">
  <testcase classname="tests.UserRegistrationWithCSV" name="userCanRegestrationSuccessfully" time="50.678"/>
  <system-out/>
</testsuite> <!-- tests.UserRegistrationWithCSV -->
