<?xml version="1.0" encoding="UTF-8"?>
<!-- Generated by org.testng.reporters.JUnitReportReporter -->
<testsuite hostname="anas-Lenovo-G50-70" failures="0" tests="3" name="tests.UserRegistrationDDLWithProperties" time="12.208" errors="0" timestamp="2020-11-26T14:22:17 EET" skipped="0">
  <testcase classname="tests.UserRegistrationDDLWithProperties" name="userCanRegestrationSuccessfully" time="5.623"/>
  <system-out/>
  <testcase classname="tests.UserRegistrationDDLWithProperties" name="userCanLogut" time="2.792"/>
  <system-out/>
  <testcase classname="tests.UserRegistrationDDLWithProperties" name="userCanLogin" time="3.793"/>
  <system-out/>
</testsuite> <!-- tests.UserRegistrationDDLWithProperties -->
