<?xml version="1.0" encoding="UTF-8"?>
<!-- Generated by org.testng.reporters.JUnitReportReporter -->
<testsuite hostname="anas-Lenovo-G50-70" failures="0" tests="1" name="tests.UserRegistrationWithJson" time="16.262" errors="0" timestamp="2020-11-26T20:19:56 EET" skipped="0">
  <testcase classname="tests.UserRegistrationWithJson" name="userCanRegestrationSuccessfully" time="16.262"/>
  <system-out/>
</testsuite> <!-- tests.UserRegistrationWithJson -->
