<?xml version="1.0" encoding="UTF-8"?>
<!-- Generated by org.testng.reporters.JUnitReportReporter -->
<testsuite hostname="anas-Lenovo-G50-70" failures="0" tests="2" name="tests.UserRegistrationDDT" time="41.932" errors="0" timestamp="2020-11-26T13:31:19 EET" skipped="0">
  <testcase classname="tests.UserRegistrationDDT" name="userCanRegestrationSuccessfully" time="24.590"/>
  <system-out/>
  <testcase classname="tests.UserRegistrationDDT" name="userCanRegestrationSuccessfully" time="17.342"/>
  <system-out/>
</testsuite> <!-- tests.UserRegistrationDDT -->
