<?xml version="1.0" encoding="UTF-8"?>
<!-- Generated by org.testng.reporters.JUnitReportReporter -->
<testsuite hostname="anas-Lenovo-G50-70" failures="0" tests="4" name="tests.UserRegistrationWithExcel" time="81.026" errors="0" timestamp="2020-11-26T18:06:35 EET" skipped="0">
  <testcase classname="tests.UserRegistrationWithExcel" name="userCanRegestrationSuccessfully" time="17.859"/>
  <system-out/>
  <testcase classname="tests.UserRegistrationWithExcel" name="userCanRegestrationSuccessfully" time="19.073"/>
  <system-out/>
  <testcase classname="tests.UserRegistrationWithExcel" name="userCanRegestrationSuccessfully" time="25.195"/>
  <system-out/>
  <testcase classname="tests.UserRegistrationWithExcel" name="userCanRegestrationSuccessfully" time="18.899"/>
  <system-out/>
</testsuite> <!-- tests.UserRegistrationWithExcel -->
