<?xml version="1.0" encoding="UTF-8"?>
<!-- Generated by org.testng.reporters.JUnitReportReporter -->
<testsuite hostname="anas-Lenovo-G50-70" failures="0" tests="3" name="tests.UserRegistrationTest" time="9.858" errors="0" timestamp="2020-11-28T21:49:51 EET" skipped="0">
  <testcase classname="tests.UserRegistrationTest" name="userCanLogin" time="3.126"/>
  <system-out/>
  <testcase classname="tests.UserRegistrationTest" name="userCanLogut" time="1.943"/>
  <system-out/>
  <testcase classname="tests.UserRegistrationTest" name="userCanRegestrationSuccessfully" time="4.789"/>
  <system-out/>
</testsuite> <!-- tests.UserRegistrationTest -->
