<?xml version="1.0" encoding="UTF-8"?>
<!-- Generated by org.testng.reporters.JUnitReportReporter -->
<testsuite hostname="anas-Lenovo-G50-70" failures="0" tests="2" name="runner.TestRunner" time="10.226" errors="0" timestamp="2020-11-27T19:56:26 EET" skipped="0">
  <testcase classname="runner.TestRunner" name="runScenario" time="4.212"/>
  <system-out/>
  <testcase classname="runner.TestRunner" name="runScenario" time="6.014"/>
  <system-out/>
</testsuite> <!-- runner.TestRunner -->
